PS C:\Users\navee\Downloads\vscode-extension\vscode-extension> npm install
npm warn deprecated inflight@1.0.6: This module is not supported, and leaks memory. Do not use it. Check out lru-cache if you want a good and tested way to coalesce async requests by a key value, which is much more comprehensive and powerful.
npm warn deprecated @humanwhocodes/config-array@0.13.0: Use @eslint/config-array instead
npm warn deprecated rimraf@3.0.2: Rimraf versions prior to v4 are no longer supported
npm warn deprecated glob@8.1.0: Glob versions prior to v9 are no longer supported
npm warn deprecated glob@7.2.3: Glob versions prior to v9 are no longer supported
npm warn deprecated glob@7.2.3: Glob versions prior to v9 are no longer supported
npm warn deprecated @humanwhocodes/object-schema@2.0.3: Use @eslint/object-schema instead
npm warn deprecated vsce@2.15.0: vsce has been renamed to @vscode/vsce. Install using @vscode/vsce instead.
npm warn deprecated eslint@8.57.1: This version is no longer supported. Please see https://eslint.org/version-support for other options.

added 434 packages, and audited 435 packages in 26s

113 packages are looking for funding
  run `npm fund` for details

2 moderate severity vulnerabilities

To address all issues (including breaking changes), run:
  npm audit fix --force

Run `npm audit` for details.
PS C:\Users\navee\Downloads\vscode-extension\vscode-extension> npm run compile

> smartaudit-ai@1.0.0 compile
> tsc -p ./

src/security/secureStorage.ts:97:34 - error TS2349: This expression is not callable.
  Type 'typeof SHA256' has no call signatures.

97             const key = CryptoJS.SHA256(machineId + 'smartaudit-salt').toString();
                                    ~~~~~~

src/security/secureStorage.ts:113:34 - error TS2349: This expression is not callable.
  Type 'typeof SHA256' has no call signatures.

113             const key = CryptoJS.SHA256(machineId + 'smartaudit-salt').toString();
                                     ~~~~~~

src/security/secureStorage.ts:150:25 - error TS2349: This expression is not callable.
  Type 'typeof SHA256' has no call signatures.

150         return CryptoJS.SHA256(timestamp + random).toString().substring(0, 32);
                            ~~~~~~


Found 3 errors in the same file, starting at: src/security/secureStorage.ts:97

PS C:\Users\navee\Downloads\vscode-extension\vscode-extension> 